<?xml version="1.0" encoding="UTF-8"?>
<testng-results total="1" passed="1" failed="0" skipped="0">
  <reporter-output>
  </reporter-output>
  <suite started-at="2019-07-22T16:08:18Z" name="Default suite" finished-at="2019-07-22T16:08:30Z" duration-ms="11913">
    <groups>
    </groups>
    <test started-at="2019-07-22T16:08:18Z" name="Default test" finished-at="2019-07-22T16:08:30Z" duration-ms="11913">
      <class name="test.AddDepositTest">
        <test-method signature="AddDepositToVerifyDepositPosted()[pri:0, instance:test.AddDepositTest@7c417213]" started-at="2019-07-22T11:08:18Z" name="AddDepositToVerifyDepositPosted" finished-at="2019-07-22T11:08:30Z" duration-ms="11900" status="PASS">
          <reporter-output>
          </reporter-output>
        </test-method> <!-- AddDepositToVerifyDepositPosted -->
      </class> <!-- test.AddDepositTest -->
    </test> <!-- Default test -->
  </suite> <!-- Default suite -->
</testng-results>
